// Spring Shell 1.1.0.RELEASE log opened at 2015-04-18 14:11:25
exit
// Spring Shell 1.1.0.RELEASE log closed at 2015-04-18 14:11:27
// Spring Shell 1.1.0.RELEASE log opened at 2015-04-18 14:15:17
exit
// Spring Shell 1.1.0.RELEASE log closed at 2015-04-18 14:17:51
// Spring Shell 1.1.0.RELEASE log opened at 2015-04-18 14:18:04
exit
// Spring Shell 1.1.0.RELEASE log closed at 2015-04-18 14:18:19
// Spring Shell 1.1.0.RELEASE log opened at 2015-04-18 14:20:00
exit
// Spring Shell 1.1.0.RELEASE log closed at 2015-04-18 14:20:08
// Spring Shell 1.1.0.RELEASE log opened at 2015-04-18 14:23:54
exit
// Spring Shell 1.1.0.RELEASE log closed at 2015-04-18 14:24:00
// JPM Banner 1.1.0.RELEASE log opened at 2015-04-18 14:24:38
hw simple --message jaspon
exit
// JPM Banner 1.1.0.RELEASE log closed at 2015-04-18 14:36:24
// JPM Banner 1.1.0.RELEASE log opened at 2015-04-18 14:38:23
hw simple --message jason
hw enum --message Type2
exit
// JPM Banner 1.1.0.RELEASE log closed at 2015-04-18 14:41:24
// JPM Banner 1.1.0.RELEASE log opened at 2015-04-18 14:41:26
exit
// JPM Banner 1.1.0.RELEASE log closed at 2015-04-18 14:45:03
// JPM Banner 1.1.0.RELEASE log opened at 2015-04-18 14:45:23
hw simple --message jas
hw enum --message Bond
exit
// JPM Banner 1.1.0.RELEASE log closed at 2015-04-18 14:59:06
// JPM Banner 1.1.0.RELEASE log opened at 2015-04-18 14:59:23
calcprofit --input input.csv --output
calcprofit --input input.csv 
calcprofit --input input.csv --output
exit
// JPM Banner 1.1.0.RELEASE log closed at 2015-04-18 15:00:32
// JPM Banner 1.1.0.RELEASE log opened at 2015-04-18 15:00:44
exit
// JPM Banner 1.1.0.RELEASE log closed at 2015-04-18 16:36:48
// JPM Banner 1.1.0.RELEASE log opened at 2015-04-18 16:42:58
calcprofit --input input.csv --output
calcprofit --input D:\development\workspace-sts-3.6.4.RELEASE\JPMSpringCli\input.csv --output
calcprofit --input input.csv --output
calcprofit --input D:\development\workspace-sts-3.6.4.RELEASE\JPMSpringCli\input.csv --output
exit
// JPM Banner 1.1.0.RELEASE log closed at 2015-04-18 18:00:30
// JPM Banner 1.1.0.RELEASE log opened at 2015-04-18 18:00:55
calcprofit --input input.csv --output
exit
// JPM Banner 1.1.0.RELEASE log closed at 2015-04-18 21:43:06
// JPM Banner 1.1.0.RELEASE log opened at 2015-04-18 21:43:22
calcprofit --input input.csv --output
exit
// JPM Banner 1.1.0.RELEASE log closed at 2015-04-18 21:58:22
// JPM Banner 1.1.0.RELEASE log opened at 2015-04-18 21:58:42
// [failed] calcprofit --input input.csv --output
exit
// JPM Banner 1.1.0.RELEASE log closed at 2015-04-18 22:01:00
// JPM Banner 1.1.0.RELEASE log opened at 2015-04-18 22:01:10
calcprofit --input input.csv --output
exit
// JPM Banner 1.1.0.RELEASE log closed at 2015-04-18 22:04:48
// JPM Banner 1.1.0.RELEASE log opened at 2015-04-18 22:05:07
calcprofit --input input.csv --output
exit
// JPM Banner 1.1.0.RELEASE log closed at 2015-04-18 22:05:33
// JPM Banner 1.1.0.RELEASE log opened at 2015-04-18 22:05:44
calcprofit --input input.csv --output
exit
// JPM Banner 1.1.0.RELEASE log closed at 2015-04-18 22:45:32
// JPM Banner 1.1.0.RELEASE log opened at 2015-04-18 22:45:50
calcprofit --input input.csv --output
exit
// JPM Banner 1.1.0.RELEASE log closed at 2015-04-18 22:53:16
// JPM Banner 1.1.0.RELEASE log opened at 2015-04-18 23:06:10
 calcprofit --input input.csv --output
exit
// JPM Banner 1.1.0.RELEASE log closed at 2015-04-19 10:30:50
// JPM Banner 1.1.0.RELEASE log opened at 2015-04-19 10:31:04
// [failed]  calcprofit --input input.csv --output
exit
// JPM Banner 1.1.0.RELEASE log closed at 2015-04-19 10:34:11
// JPM Banner 1.1.0.RELEASE log opened at 2015-04-19 10:34:33
calcprofit --input input.csv --output
exit
// JPM Banner 1.1.0.RELEASE log closed at 2015-04-19 10:45:07
// JPM Banner 1.1.0.RELEASE log opened at 2015-04-19 11:43:25
// [failed] calcprofit --input input.csv --output
exit
// JPM Banner 1.1.0.RELEASE log closed at 2015-04-19 11:49:31
// JPM Banner 1.1.0.RELEASE log opened at 2015-04-19 11:50:19
calcprofit --input input.csv --output
exit
// JPM Banner 1.1.0.RELEASE log closed at 2015-04-19 12:00:50
// JPM Banner 1.1.0.RELEASE log opened at 2015-04-19 12:01:00
calcprofit --input input.csv --output
exit
// JPM Banner 1.1.0.RELEASE log closed at 2015-04-19 12:04:39
// JPM Banner 1.1.0.RELEASE log opened at 2015-04-19 12:04:50
 calcprofit --input input.csv --output
exit
// JPM Banner 1.1.0.RELEASE log closed at 2015-04-19 12:09:19
// JPM Banner 1.1.0.RELEASE log opened at 2015-04-19 12:39:16
calcprofit --input input0.csv --output output0.csv
calcprofit --input input1.csv --output output1.csv
exit
// JPM Banner 1.1.0.RELEASE log closed at 2015-04-19 13:58:19
// JPM Banner 1.1.0.RELEASE log opened at 2015-04-19 21:52:59
calcprofit --input input.csv --output
exit
// JPM Banner 1.1.0.RELEASE log closed at 2015-04-19 21:56:38
// JPM Banner 1.1.0.RELEASE log opened at 2015-04-19 22:17:35
calcprofit --input input.csv --output
calcprofit --input input2.csv --output
calcprofit --input input2.csv --output
exit
// JPM Banner 1.1.0.RELEASE log closed at 2015-04-19 23:03:33
// JPM Banner 1.1.0.RELEASE log opened at 2015-04-20 00:15:40
// JPM Banner 1.1.0.RELEASE log opened at 2015-04-20 00:20:45
calcprofit --input input.csv --output
calcprofit --input input.csv --output
exit
// JPM Banner 1.1.0.RELEASE log closed at 2015-04-20 00:22:35
// JPM Banner 1.1.0.RELEASE log opened at 2015-04-20 00:23:00
calcprofit --input input.csv --output
exit
// JPM Banner 1.1.0.RELEASE log closed at 2015-04-20 00:24:04
// JPM Banner 1.1.0.RELEASE log opened at 2015-04-20 00:24:37
calcprofit --input input.csv --output
calcprofit --input input.csv --output
calcprofit --input input.csv --output
calcprofit --input input.csv --output
calcprofit --input input.csv --output
exit
// JPM Banner 1.1.0.RELEASE log closed at 2015-04-20 00:27:35
// JPM Banner 1.1.0.RELEASE log opened at 2015-04-20 00:28:17
calcprofit --input input.csv --output
calcprofit --input input.csv --output
calcprofit --input input.csv --output
calcprofit --input input.csv --output
calcprofit --input input.csv --output
calcprofit --input input.csv --output
// JPM Banner 1.1.0.RELEASE log opened at 2015-04-27 19:33:44
calcprofit --input input.csv --output
calcprofit --input input.csv --output
// [failed] calcprofit --input input.csv
exit
// JPM Banner 1.1.0.RELEASE log closed at 2015-04-27 19:35:08
// JPM Banner 1.1.0.RELEASE log opened at 2015-04-27 19:35:45
// [failed] calcprofit --input input.csv
exit
// JPM Banner 1.1.0.RELEASE log closed at 2015-04-27 19:48:39
// JPM Banner 1.1.0.RELEASE log opened at 2015-04-27 19:49:00
calcprofit --input input.csv --output calcprofit.output.csv
exit
// JPM Banner 1.1.0.RELEASE log closed at 2015-04-27 19:59:08
// JPM Banner 1.1.0.RELEASE log opened at 2015-04-27 20:06:27
calcprofit --input input.csv --output tmp.csv
exit
// JPM Banner 1.1.0.RELEASE log closed at 2015-04-27 21:16:55
// JPM Banner 1.1.0.RELEASE log opened at 2015-04-27 21:49:49
calcprofit --input input.csv
calcprofit --input input.csv --output
exit
// JPM Banner 1.1.0.RELEASE log closed at 2015-04-27 21:50:35
// JPM Banner 1.1.0.RELEASE log opened at 2015-04-27 21:52:31
date
exit
// JPM Banner 1.1.0.RELEASE log closed at 2015-04-27 21:52:58
// null 1.1.0.RELEASE log opened at 2015-04-27 22:14:46
calcprofit --input input.csv --output tmp.csv
// JPM Banner 1.1.0.RELEASE log opened at 2015-04-27 22:15:29
calcprofit --input input.csv --output
exit
// JPM Banner 1.1.0.RELEASE log closed at 2015-04-27 22:15:56
// null 1.1.0.RELEASE log opened at 2015-04-27 22:20:11
calcprofit --input input.csv --output tmp.csv
// JPM Banner 1.1.0.RELEASE log opened at 2015-04-27 22:20:20
calcprofit --input input.csv --output
exit
// JPM Banner 1.1.0.RELEASE log closed at 2015-04-27 22:20:35
